Testing metadata on /mnt/rbd_hdd/mdtest_dir
-- started at 10/17/2023 14:09:07 --

mdtest-3.3.0 was launched with 1 total task(s) on 1 node(s)
Command line used: mdtest '-n' '5000' '-u' '-z' '2' '-i' '3' '-d' '/mnt/rbd_hdd'
Path: /mnt
FS: 45.2 GiB   Used FS: 5.9%   Inodes: 2.9 Mi   Used Inodes: 2.4%

Nodemap: 1
1 tasks, 4998 files/directories

SUMMARY rate: (of 3 iterations)
   Operation                      Max            Min           Mean        Std Dev
   ---------                      ---            ---           ----        -------
   Directory creation        :      54946.567      48018.617      52556.927       3210.577
   Directory stat            :     572110.997     530379.733     557978.000      19516.826
   Directory removal         :      77039.653      73372.283      75381.464       1517.629
   File creation             :      84241.131      82831.660      83360.958        626.624
   File stat                 :     572411.878     517393.982     550593.790      23859.308
   File read                 :     325727.040     322658.260     323919.899       1310.860
   File removal              :     130499.474     127394.620     128751.964       1297.228
   Tree creation             :      74956.900      55290.367      67777.478       8862.724
   Tree removal              :       1038.629        974.295       1015.120         28.978
-- finished at 10/17/2023 14:09:08 --

Testing SWrite on /mnt/rbd_hdd/test with threads 1
SWRITE /mnt/rbd_hdd/test: (g=0): rw=write, bs=(R) 128KiB-128KiB, (W) 128KiB-128KiB, (T) 128KiB-128KiB, ioengine=psync, iodepth=1
fio-3.19
Starting 1 process
SWRITE /mnt/rbd_hdd/test: Laying out IO file (1 file / 1024MiB)

SWRITE /mnt/rbd_hdd/test: (groupid=0, jobs=1): err= 0: pid=3148: Tue Oct 17 14:09:24 2023
  write: IOPS=605, BW=75.7MiB/s (79.4MB/s)(1024MiB/13521msec); 0 zone resets
    clat (usec): min=81, max=71863, avg=1633.30, stdev=4739.99
     lat (usec): min=85, max=71869, avg=1644.50, stdev=4754.60
    clat percentiles (usec):
     |  1.00th=[   95],  5.00th=[  104], 10.00th=[  117], 20.00th=[  145],
     | 30.00th=[  163], 40.00th=[  182], 50.00th=[  208], 60.00th=[  243],
     | 70.00th=[  306], 80.00th=[  469], 90.00th=[ 3064], 95.00th=[11076],
     | 99.00th=[22152], 99.50th=[28705], 99.90th=[39584], 99.95th=[48497],
     | 99.99th=[71828]
   bw (  KiB/s): min= 7168, max=146110, per=98.34%, avg=76262.38, stdev=40614.30, samples=26
   iops        : min=   56, max= 1141, avg=595.65, stdev=317.21, samples=26
  lat (usec)   : 100=3.04%, 250=58.37%, 500=19.36%, 750=4.54%, 1000=1.57%
  lat (msec)   : 2=2.31%, 4=1.16%, 10=1.78%, 20=5.97%, 50=1.84%
  lat (msec)   : 100=0.05%
  cpu          : usr=0.41%, sys=1.51%, ctx=8153, majf=0, minf=14
  IO depths    : 1=100.0%, 2=0.0%, 4=0.0%, 8=0.0%, 16=0.0%, 32=0.0%, >=64=0.0%
     submit    : 0=0.0%, 4=100.0%, 8=0.0%, 16=0.0%, 32=0.0%, 64=0.0%, >=64=0.0%
     complete  : 0=0.0%, 4=100.0%, 8=0.0%, 16=0.0%, 32=0.0%, 64=0.0%, >=64=0.0%
     issued rwts: total=0,8192,0,0 short=0,0,0,0 dropped=0,0,0,0
     latency   : target=0, window=0, percentile=100.00%, depth=1

Run status group 0 (all jobs):
  WRITE: bw=75.7MiB/s (79.4MB/s), 75.7MiB/s-75.7MiB/s (79.4MB/s-79.4MB/s), io=1024MiB (1074MB), run=13521-13521msec

Disk stats (read/write):
  vdc: ios=0/8241, merge=0/3656, ticks=0/19520, in_queue=19520, util=98.29%
Testing SRead on /mnt/rbd_hdd/test with threads 1
SREAD /mnt/rbd_hdd/test: (g=0): rw=read, bs=(R) 128KiB-128KiB, (W) 128KiB-128KiB, (T) 128KiB-128KiB, ioengine=psync, iodepth=1
fio-3.19
Starting 1 process

SREAD /mnt/rbd_hdd/test: (groupid=0, jobs=1): err= 0: pid=3151: Tue Oct 17 14:10:25 2023
  read: IOPS=107, BW=13.4MiB/s (14.1MB/s)(805MiB/60001msec)
    clat (usec): min=736, max=98098, avg=9317.52, stdev=10588.37
     lat (usec): min=736, max=98131, avg=9317.84, stdev=10588.43
    clat percentiles (usec):
     |  1.00th=[  848],  5.00th=[  922], 10.00th=[  996], 20.00th=[ 1221],
     | 30.00th=[ 1729], 40.00th=[ 2040], 50.00th=[ 3064], 60.00th=[10814],
     | 70.00th=[11994], 80.00th=[17433], 90.00th=[22152], 95.00th=[29754],
     | 99.00th=[43779], 99.50th=[54264], 99.90th=[78119], 99.95th=[90702],
     | 99.99th=[98042]
   bw (  KiB/s): min= 2816, max=69888, per=100.00%, avg=13754.39, stdev=9356.43, samples=119
   iops        : min=   22, max=  546, avg=107.33, stdev=73.09, samples=119
  lat (usec)   : 750=0.02%, 1000=10.58%
  lat (msec)   : 2=27.26%, 4=14.21%, 10=5.58%, 20=25.35%, 50=16.28%
  lat (msec)   : 100=0.71%
  cpu          : usr=0.04%, sys=0.20%, ctx=6437, majf=0, minf=45
  IO depths    : 1=100.0%, 2=0.0%, 4=0.0%, 8=0.0%, 16=0.0%, 32=0.0%, >=64=0.0%
     submit    : 0=0.0%, 4=100.0%, 8=0.0%, 16=0.0%, 32=0.0%, 64=0.0%, >=64=0.0%
     complete  : 0=0.0%, 4=100.0%, 8=0.0%, 16=0.0%, 32=0.0%, 64=0.0%, >=64=0.0%
     issued rwts: total=6437,0,0,0 short=0,0,0,0 dropped=0,0,0,0
     latency   : target=0, window=0, percentile=100.00%, depth=1

Run status group 0 (all jobs):
   READ: bw=13.4MiB/s (14.1MB/s), 13.4MiB/s-13.4MiB/s (14.1MB/s-14.1MB/s), io=805MiB (844MB), run=60001-60001msec

Disk stats (read/write):
  vdc: ios=6431/6, merge=0/8, ticks=59674/22, in_queue=59696, util=99.89%
Testing RWrite on /mnt/rbd_hdd/test with threads 1
RWrite /mnt/rbd_hdd/test: (g=0): rw=randwrite, bs=(R) 4096B-4096B, (W) 4096B-4096B, (T) 4096B-4096B, ioengine=psync, iodepth=1
fio-3.19
Starting 1 process
RWrite /mnt/rbd_hdd/test: Laying out IO file (1 file / 1024MiB)

RWrite /mnt/rbd_hdd/test: (groupid=0, jobs=1): err= 0: pid=3159: Tue Oct 17 14:11:26 2023
  write: IOPS=585, BW=2343KiB/s (2399kB/s)(137MiB/60009msec); 0 zone resets
    clat (usec): min=53, max=123082, avg=1704.08, stdev=5722.91
     lat (usec): min=53, max=123083, avg=1704.60, stdev=5723.83
    clat percentiles (usec):
     |  1.00th=[   74],  5.00th=[   79], 10.00th=[   89], 20.00th=[  113],
     | 30.00th=[  129], 40.00th=[  149], 50.00th=[  174], 60.00th=[  206],
     | 70.00th=[  260], 80.00th=[  363], 90.00th=[ 1336], 95.00th=[11076],
     | 99.00th=[30016], 99.50th=[35390], 99.90th=[51119], 99.95th=[61080],
     | 99.99th=[81265]
   bw (  KiB/s): min=  200, max=19320, per=99.72%, avg=2335.52, stdev=2875.23, samples=119
   iops        : min=   50, max= 4830, avg=583.77, stdev=718.83, samples=119
  lat (usec)   : 100=14.10%, 250=54.57%, 500=16.08%, 750=2.99%, 1000=1.31%
  lat (msec)   : 2=1.94%, 4=0.71%, 10=1.01%, 20=4.26%, 50=2.92%
  lat (msec)   : 100=0.11%, 250=0.01%
  cpu          : usr=0.15%, sys=1.44%, ctx=35103, majf=0, minf=12
  IO depths    : 1=100.0%, 2=0.0%, 4=0.0%, 8=0.0%, 16=0.0%, 32=0.0%, >=64=0.0%
     submit    : 0=0.0%, 4=100.0%, 8=0.0%, 16=0.0%, 32=0.0%, 64=0.0%, >=64=0.0%
     complete  : 0=0.0%, 4=100.0%, 8=0.0%, 16=0.0%, 32=0.0%, 64=0.0%, >=64=0.0%
     issued rwts: total=0,35145,0,0 short=0,0,0,0 dropped=0,0,0,0
     latency   : target=0, window=0, percentile=100.00%, depth=1

Run status group 0 (all jobs):
  WRITE: bw=2343KiB/s (2399kB/s), 2343KiB/s-2343KiB/s (2399kB/s-2399kB/s), io=137MiB (144MB), run=60009-60009msec

Disk stats (read/write):
  vdc: ios=1/35167, merge=0/1453, ticks=53/59661, in_queue=59714, util=98.87%
Testing RRead on /mnt/rbd_hdd/test with threads 1
RREAD /mnt/rbd_hdd/test: (g=0): rw=randread, bs=(R) 4096B-4096B, (W) 4096B-4096B, (T) 4096B-4096B, ioengine=psync, iodepth=1
fio-3.19
Starting 1 process
RREAD /mnt/rbd_hdd/test: Laying out IO file (1 file / 1024MiB)

RREAD /mnt/rbd_hdd/test: (groupid=0, jobs=1): err= 0: pid=3163: Tue Oct 17 14:12:33 2023
  read: IOPS=75, BW=301KiB/s (308kB/s)(17.6MiB/60023msec)
    clat (usec): min=433, max=189246, avg=13266.09, stdev=12773.09
     lat (usec): min=433, max=189246, avg=13266.64, stdev=12773.11
    clat percentiles (usec):
     |  1.00th=[   510],  5.00th=[   611], 10.00th=[   725], 20.00th=[  1287],
     | 30.00th=[  2245], 40.00th=[  8586], 50.00th=[ 11207], 60.00th=[ 14222],
     | 70.00th=[ 18744], 80.00th=[ 22152], 90.00th=[ 28967], 95.00th=[ 33817],
     | 99.00th=[ 50070], 99.50th=[ 61604], 99.90th=[ 94897], 99.95th=[137364],
     | 99.99th=[189793]
   bw (  KiB/s): min=  144, max= 1088, per=100.00%, avg=301.76, stdev=150.50, samples=119
   iops        : min=   36, max=  272, avg=75.39, stdev=37.64, samples=119
  lat (usec)   : 500=0.78%, 750=9.78%, 1000=6.61%
  lat (msec)   : 2=10.29%, 4=7.01%, 10=8.38%, 20=29.46%, 50=26.69%
  lat (msec)   : 100=0.93%, 250=0.09%
  cpu          : usr=0.01%, sys=0.40%, ctx=4515, majf=0, minf=12
  IO depths    : 1=100.0%, 2=0.0%, 4=0.0%, 8=0.0%, 16=0.0%, 32=0.0%, >=64=0.0%
     submit    : 0=0.0%, 4=100.0%, 8=0.0%, 16=0.0%, 32=0.0%, 64=0.0%, >=64=0.0%
     complete  : 0=0.0%, 4=100.0%, 8=0.0%, 16=0.0%, 32=0.0%, 64=0.0%, >=64=0.0%
     issued rwts: total=4511,0,0,0 short=0,0,0,0 dropped=0,0,0,0
     latency   : target=0, window=0, percentile=100.00%, depth=1

Run status group 0 (all jobs):
   READ: bw=301KiB/s (308kB/s), 301KiB/s-301KiB/s (308kB/s-308kB/s), io=17.6MiB (18.5MB), run=60023-60023msec

Disk stats (read/write):
  vdc: ios=4507/10, merge=0/19, ticks=59644/188, in_queue=59833, util=99.68%
Testing SWrite on /mnt/rbd_hdd/test with threads 4
SWRITE /mnt/rbd_hdd/test: (g=0): rw=write, bs=(R) 128KiB-128KiB, (W) 128KiB-128KiB, (T) 128KiB-128KiB, ioengine=psync, iodepth=1
...
fio-3.19
Starting 4 processes
SWRITE /mnt/rbd_hdd/test: Laying out IO file (1 file / 1024MiB)
SWRITE /mnt/rbd_hdd/test: Laying out IO file (1 file / 1024MiB)
SWRITE /mnt/rbd_hdd/test: Laying out IO file (1 file / 1024MiB)
SWRITE /mnt/rbd_hdd/test: Laying out IO file (1 file / 1024MiB)

SWRITE /mnt/rbd_hdd/test: (groupid=0, jobs=4): err= 0: pid=3168: Tue Oct 17 14:13:35 2023
  write: IOPS=78, BW=9.81MiB/s (10.3MB/s)(590MiB/60109msec); 0 zone resets
    clat (usec): min=83, max=348400, avg=50926.40, stdev=36022.42
     lat (usec): min=87, max=348404, avg=50933.08, stdev=36022.33
    clat percentiles (usec):
     |  1.00th=[   130],  5.00th=[   490], 10.00th=[  8586], 20.00th=[ 23200],
     | 30.00th=[ 34341], 40.00th=[ 41157], 50.00th=[ 46924], 60.00th=[ 54789],
     | 70.00th=[ 62129], 80.00th=[ 71828], 90.00th=[ 89654], 95.00th=[112722],
     | 99.00th=[170918], 99.50th=[210764], 99.90th=[291505], 99.95th=[329253],
     | 99.99th=[350225]
   bw (  KiB/s): min= 2304, max=36817, per=100.00%, avg=10085.76, stdev=1185.32, samples=476
   iops        : min=   18, max=  287, avg=78.66, stdev= 9.25, samples=476
  lat (usec)   : 100=0.42%, 250=2.06%, 500=2.61%, 750=1.53%, 1000=0.76%
  lat (msec)   : 2=0.95%, 4=0.53%, 10=1.42%, 20=7.14%, 50=36.71%
  lat (msec)   : 100=38.87%, 250=6.74%, 500=0.25%
  cpu          : usr=0.01%, sys=0.17%, ctx=9436, majf=0, minf=55
  IO depths    : 1=100.0%, 2=0.0%, 4=0.0%, 8=0.0%, 16=0.0%, 32=0.0%, >=64=0.0%
     submit    : 0=0.0%, 4=100.0%, 8=0.0%, 16=0.0%, 32=0.0%, 64=0.0%, >=64=0.0%
     complete  : 0=0.0%, 4=100.0%, 8=0.0%, 16=0.0%, 32=0.0%, 64=0.0%, >=64=0.0%
     issued rwts: total=0,4718,0,0 short=0,0,0,0 dropped=0,0,0,0
     latency   : target=0, window=0, percentile=100.00%, depth=1

Run status group 0 (all jobs):
  WRITE: bw=9.81MiB/s (10.3MB/s), 9.81MiB/s-9.81MiB/s (10.3MB/s-10.3MB/s), io=590MiB (618MB), run=60109-60109msec

Disk stats (read/write):
  vdc: ios=0/4744, merge=0/70, ticks=0/61126, in_queue=61125, util=99.61%
Testing SRead on /mnt/rbd_hdd/test with threads 4
SREAD /mnt/rbd_hdd/test: (g=0): rw=read, bs=(R) 128KiB-128KiB, (W) 128KiB-128KiB, (T) 128KiB-128KiB, ioengine=psync, iodepth=1
...
fio-3.19
Starting 4 processes
SREAD /mnt/rbd_hdd/test: Laying out IO file (1 file / 1024MiB)

SREAD /mnt/rbd_hdd/test: (groupid=0, jobs=4): err= 0: pid=3181: Tue Oct 17 14:14:42 2023
  read: IOPS=505, BW=63.2MiB/s (66.3MB/s)(3793MiB/60016msec)
    clat (usec): min=409, max=130366, avg=7903.41, stdev=10262.19
     lat (usec): min=409, max=130366, avg=7903.86, stdev=10262.18
    clat percentiles (usec):
     |  1.00th=[   775],  5.00th=[  1090], 10.00th=[  1270], 20.00th=[  1598],
     | 30.00th=[  1844], 40.00th=[  2073], 50.00th=[  2442], 60.00th=[  3130],
     | 70.00th=[ 10159], 80.00th=[ 13960], 90.00th=[ 22152], 95.00th=[ 29230],
     | 99.00th=[ 43779], 99.50th=[ 51119], 99.90th=[ 65799], 99.95th=[ 74974],
     | 99.99th=[129500]
   bw (  KiB/s): min=11520, max=161211, per=100.00%, avg=64725.08, stdev=8485.44, samples=476
   iops        : min=   90, max= 1258, avg=505.11, stdev=66.24, samples=476
  lat (usec)   : 500=0.05%, 750=0.85%, 1000=2.21%
  lat (msec)   : 2=33.44%, 4=27.57%, 10=5.75%, 20=16.20%, 50=13.35%
  lat (msec)   : 100=0.55%, 250=0.02%
  cpu          : usr=0.04%, sys=0.26%, ctx=30352, majf=0, minf=179
  IO depths    : 1=100.0%, 2=0.0%, 4=0.0%, 8=0.0%, 16=0.0%, 32=0.0%, >=64=0.0%
     submit    : 0=0.0%, 4=100.0%, 8=0.0%, 16=0.0%, 32=0.0%, 64=0.0%, >=64=0.0%
     complete  : 0=0.0%, 4=100.0%, 8=0.0%, 16=0.0%, 32=0.0%, 64=0.0%, >=64=0.0%
     issued rwts: total=30344,0,0,0 short=0,0,0,0 dropped=0,0,0,0
     latency   : target=0, window=0, percentile=100.00%, depth=1

Run status group 0 (all jobs):
   READ: bw=63.2MiB/s (66.3MB/s), 63.2MiB/s-63.2MiB/s (66.3MB/s-66.3MB/s), io=3793MiB (3977MB), run=60016-60016msec

Disk stats (read/write):
  vdc: ios=30212/10, merge=65/11, ticks=237689/72, in_queue=237761, util=99.77%
Testing RWrite on /mnt/rbd_hdd/test with threads 4
RWrite /mnt/rbd_hdd/test: (g=0): rw=randwrite, bs=(R) 4096B-4096B, (W) 4096B-4096B, (T) 4096B-4096B, ioengine=psync, iodepth=1
...
fio-3.19
Starting 4 processes
RWrite /mnt/rbd_hdd/test: Laying out IO file (1 file / 1024MiB)
RWrite /mnt/rbd_hdd/test: Laying out IO file (1 file / 1024MiB)
RWrite /mnt/rbd_hdd/test: Laying out IO file (1 file / 1024MiB)
RWrite /mnt/rbd_hdd/test: Laying out IO file (1 file / 1024MiB)

RWrite /mnt/rbd_hdd/test: (groupid=0, jobs=4): err= 0: pid=3192: Tue Oct 17 14:15:45 2023
  write: IOPS=931, BW=3726KiB/s (3815kB/s)(218MiB/60019msec); 0 zone resets
    clat (usec): min=52, max=205164, avg=4288.16, stdev=13083.18
     lat (usec): min=52, max=205164, avg=4288.86, stdev=13083.42
    clat percentiles (usec):
     |  1.00th=[    83],  5.00th=[   109], 10.00th=[   128], 20.00th=[   176],
     | 30.00th=[   262], 40.00th=[   461], 50.00th=[   611], 60.00th=[   840],
     | 70.00th=[  1287], 80.00th=[  2278], 90.00th=[  5932], 95.00th=[ 28181],
     | 99.00th=[ 69731], 99.50th=[ 84411], 99.90th=[117965], 99.95th=[139461],
     | 99.99th=[193987]
   bw (  KiB/s): min=  224, max=18998, per=100.00%, avg=3741.87, stdev=871.02, samples=476
   iops        : min=   56, max= 4749, avg=935.20, stdev=217.76, samples=476
  lat (usec)   : 100=3.69%, 250=25.40%, 500=13.58%, 750=14.08%, 1000=7.60%
  lat (msec)   : 2=13.36%, 4=8.97%, 10=4.89%, 20=2.17%, 50=3.95%
  lat (msec)   : 100=2.09%, 250=0.22%
  cpu          : usr=0.08%, sys=0.98%, ctx=110971, majf=0, minf=51
  IO depths    : 1=100.0%, 2=0.0%, 4=0.0%, 8=0.0%, 16=0.0%, 32=0.0%, >=64=0.0%
     submit    : 0=0.0%, 4=100.0%, 8=0.0%, 16=0.0%, 32=0.0%, 64=0.0%, >=64=0.0%
     complete  : 0=0.0%, 4=100.0%, 8=0.0%, 16=0.0%, 32=0.0%, 64=0.0%, >=64=0.0%
     issued rwts: total=0,55904,0,0 short=0,0,0,0 dropped=0,0,0,0
     latency   : target=0, window=0, percentile=100.00%, depth=1

Run status group 0 (all jobs):
  WRITE: bw=3726KiB/s (3815kB/s), 3726KiB/s-3726KiB/s (3815kB/s-3815kB/s), io=218MiB (229MB), run=60019-60019msec

Disk stats (read/write):
  vdc: ios=0/55873, merge=0/1729, ticks=0/58983, in_queue=58984, util=98.75%
Testing RRead on /mnt/rbd_hdd/test with threads 4
RREAD /mnt/rbd_hdd/test: (g=0): rw=randread, bs=(R) 4096B-4096B, (W) 4096B-4096B, (T) 4096B-4096B, ioengine=psync, iodepth=1
...
fio-3.19
Starting 4 processes
RREAD /mnt/rbd_hdd/test: Laying out IO file (1 file / 1024MiB)

RREAD /mnt/rbd_hdd/test: (groupid=0, jobs=4): err= 0: pid=3198: Tue Oct 17 14:16:51 2023
  read: IOPS=434, BW=1739KiB/s (1780kB/s)(102MiB/60037msec)
    clat (usec): min=263, max=213667, avg=9146.77, stdev=12619.37
     lat (usec): min=263, max=213667, avg=9147.08, stdev=12619.36
    clat percentiles (usec):
     |  1.00th=[   433],  5.00th=[   506], 10.00th=[   578], 20.00th=[   742],
     | 30.00th=[   906], 40.00th=[  1172], 50.00th=[  1991], 60.00th=[  6063],
     | 70.00th=[ 11863], 80.00th=[ 17957], 90.00th=[ 25822], 95.00th=[ 32900],
     | 99.00th=[ 51119], 99.50th=[ 61080], 99.90th=[103285], 99.95th=[121111],
     | 99.99th=[166724]
   bw (  KiB/s): min=  429, max= 8176, per=100.00%, avg=1745.80, stdev=284.51, samples=476
   iops        : min=  106, max= 2044, avg=436.05, stdev=71.12, samples=476
  lat (usec)   : 500=4.48%, 750=16.23%, 1000=13.65%
  lat (msec)   : 2=15.87%, 4=6.87%, 10=7.17%, 20=18.17%, 50=16.48%
  lat (msec)   : 100=0.97%, 250=0.11%
  cpu          : usr=0.03%, sys=0.31%, ctx=26145, majf=0, minf=53
  IO depths    : 1=100.0%, 2=0.0%, 4=0.0%, 8=0.0%, 16=0.0%, 32=0.0%, >=64=0.0%
     submit    : 0=0.0%, 4=100.0%, 8=0.0%, 16=0.0%, 32=0.0%, 64=0.0%, >=64=0.0%
     complete  : 0=0.0%, 4=100.0%, 8=0.0%, 16=0.0%, 32=0.0%, 64=0.0%, >=64=0.0%
     issued rwts: total=26094,0,0,0 short=0,0,0,0 dropped=0,0,0,0
     latency   : target=0, window=0, percentile=100.00%, depth=1

Run status group 0 (all jobs):
   READ: bw=1739KiB/s (1780kB/s), 1739KiB/s-1739KiB/s (1780kB/s-1780kB/s), io=102MiB (107MB), run=60037-60037msec

Disk stats (read/write):
  vdc: ios=26037/10, merge=0/18, ticks=237183/196, in_queue=237379, util=99.31%
Testing SWrite on /mnt/rbd_hdd/test with threads 16
SWRITE /mnt/rbd_hdd/test: (g=0): rw=write, bs=(R) 128KiB-128KiB, (W) 128KiB-128KiB, (T) 128KiB-128KiB, ioengine=psync, iodepth=1
...
fio-3.19
Starting 16 processes
SWRITE /mnt/rbd_hdd/test: Laying out IO file (1 file / 1024MiB)
SWRITE /mnt/rbd_hdd/test: Laying out IO file (1 file / 1024MiB)
SWRITE /mnt/rbd_hdd/test: Laying out IO file (1 file / 1024MiB)
SWRITE /mnt/rbd_hdd/test: Laying out IO file (1 file / 1024MiB)
SWRITE /mnt/rbd_hdd/test: Laying out IO file (1 file / 1024MiB)
SWRITE /mnt/rbd_hdd/test: Laying out IO file (1 file / 1024MiB)
SWRITE /mnt/rbd_hdd/test: Laying out IO file (1 file / 1024MiB)
SWRITE /mnt/rbd_hdd/test: Laying out IO file (1 file / 1024MiB)
SWRITE /mnt/rbd_hdd/test: Laying out IO file (1 file / 1024MiB)
SWRITE /mnt/rbd_hdd/test: Laying out IO file (1 file / 1024MiB)
SWRITE /mnt/rbd_hdd/test: Laying out IO file (1 file / 1024MiB)
SWRITE /mnt/rbd_hdd/test: Laying out IO file (1 file / 1024MiB)
SWRITE /mnt/rbd_hdd/test: Laying out IO file (1 file / 1024MiB)
SWRITE /mnt/rbd_hdd/test: Laying out IO file (1 file / 1024MiB)
SWRITE /mnt/rbd_hdd/test: Laying out IO file (1 file / 1024MiB)
SWRITE /mnt/rbd_hdd/test: Laying out IO file (1 file / 1024MiB)

SWRITE /mnt/rbd_hdd/test: (groupid=0, jobs=16): err= 0: pid=3205: Tue Oct 17 14:17:53 2023
  write: IOPS=90, BW=11.3MiB/s (11.9MB/s)(683MiB/60303msec); 0 zone resets
    clat (usec): min=88, max=797385, avg=176276.24, stdev=107045.64
     lat (usec): min=93, max=797388, avg=176285.14, stdev=107046.35
    clat percentiles (usec):
     |  1.00th=[   135],  5.00th=[   219], 10.00th=[   832], 20.00th=[105382],
     | 30.00th=[137364], 40.00th=[158335], 50.00th=[177210], 60.00th=[198181],
     | 70.00th=[223347], 80.00th=[246416], 90.00th=[299893], 95.00th=[350225],
     | 99.00th=[459277], 99.50th=[566232], 99.90th=[750781], 99.95th=[784335],
     | 99.99th=[801113]
   bw (  KiB/s): min= 3977, max=30499, per=100.00%, avg=11712.00, stdev=308.20, samples=1895
   iops        : min=   28, max=  235, avg=89.28, stdev= 2.36, samples=1895
  lat (usec)   : 100=0.15%, 250=6.06%, 500=2.93%, 750=0.62%, 1000=0.64%
  lat (msec)   : 2=0.57%, 4=0.33%, 10=0.79%, 20=2.54%, 50=1.12%
  lat (msec)   : 100=3.31%, 250=61.82%, 500=18.23%, 750=0.81%, 1000=0.09%
  cpu          : usr=0.00%, sys=0.09%, ctx=10888, majf=0, minf=258
  IO depths    : 1=100.0%, 2=0.0%, 4=0.0%, 8=0.0%, 16=0.0%, 32=0.0%, >=64=0.0%
     submit    : 0=0.0%, 4=100.0%, 8=0.0%, 16=0.0%, 32=0.0%, 64=0.0%, >=64=0.0%
     complete  : 0=0.0%, 4=100.0%, 8=0.0%, 16=0.0%, 32=0.0%, 64=0.0%, >=64=0.0%
     issued rwts: total=0,5463,0,0 short=0,0,0,0 dropped=0,0,0,0
     latency   : target=0, window=0, percentile=100.00%, depth=1

Run status group 0 (all jobs):
  WRITE: bw=11.3MiB/s (11.9MB/s), 11.3MiB/s-11.3MiB/s (11.9MB/s-11.9MB/s), io=683MiB (716MB), run=60303-60303msec

Disk stats (read/write):
  vdc: ios=0/5492, merge=0/68, ticks=0/60716, in_queue=60715, util=98.95%
Testing SRead on /mnt/rbd_hdd/test with threads 16
SREAD /mnt/rbd_hdd/test: (g=0): rw=read, bs=(R) 128KiB-128KiB, (W) 128KiB-128KiB, (T) 128KiB-128KiB, ioengine=psync, iodepth=1
...
fio-3.19
Starting 16 processes
SREAD /mnt/rbd_hdd/test: Laying out IO file (1 file / 1024MiB)

SREAD /mnt/rbd_hdd/test: (groupid=0, jobs=16): err= 0: pid=3224: Tue Oct 17 14:19:00 2023
  read: IOPS=1601, BW=200MiB/s (210MB/s)(11.7GiB/60027msec)
    clat (usec): min=421, max=275378, avg=9984.13, stdev=13079.76
     lat (usec): min=421, max=275378, avg=9984.78, stdev=13080.30
    clat percentiles (usec):
     |  1.00th=[   775],  5.00th=[  1106], 10.00th=[  1352], 20.00th=[  1745],
     | 30.00th=[  2147], 40.00th=[  2802], 50.00th=[  4047], 60.00th=[  6325],
     | 70.00th=[ 10683], 80.00th=[ 17433], 90.00th=[ 27395], 95.00th=[ 35914],
     | 99.00th=[ 55313], 99.50th=[ 66847], 99.90th=[112722], 99.95th=[127402],
     | 99.99th=[217056]
   bw (  KiB/s): min=53248, max=719360, per=100.00%, avg=204995.03, stdev=8137.72, samples=1904
   iops        : min=  416, max= 5620, avg=1600.14, stdev=63.56, samples=1904
  lat (usec)   : 500=0.02%, 750=0.78%, 1000=2.58%
  lat (msec)   : 2=23.02%, 4=23.39%, 10=19.09%, 20=13.53%, 50=16.10%
  lat (msec)   : 100=1.36%, 250=0.12%, 500=0.01%
  cpu          : usr=0.03%, sys=0.15%, ctx=96169, majf=0, minf=740
  IO depths    : 1=100.0%, 2=0.0%, 4=0.0%, 8=0.0%, 16=0.0%, 32=0.0%, >=64=0.0%
     submit    : 0=0.0%, 4=100.0%, 8=0.0%, 16=0.0%, 32=0.0%, 64=0.0%, >=64=0.0%
     complete  : 0=0.0%, 4=100.0%, 8=0.0%, 16=0.0%, 32=0.0%, 64=0.0%, >=64=0.0%
     issued rwts: total=96134,0,0,0 short=0,0,0,0 dropped=0,0,0,0
     latency   : target=0, window=0, percentile=100.00%, depth=1

Run status group 0 (all jobs):
   READ: bw=200MiB/s (210MB/s), 200MiB/s-200MiB/s (210MB/s-210MB/s), io=11.7GiB (12.6GB), run=60027-60027msec

Disk stats (read/write):
  vdc: ios=95808/9, merge=321/12, ticks=952117/114, in_queue=952230, util=99.54%
Testing RWrite on /mnt/rbd_hdd/test with threads 16
RWrite /mnt/rbd_hdd/test: (g=0): rw=randwrite, bs=(R) 4096B-4096B, (W) 4096B-4096B, (T) 4096B-4096B, ioengine=psync, iodepth=1
...
fio-3.19
Starting 16 processes
RWrite /mnt/rbd_hdd/test: Laying out IO file (1 file / 1024MiB)
RWrite /mnt/rbd_hdd/test: Laying out IO file (1 file / 1024MiB)
RWrite /mnt/rbd_hdd/test: Laying out IO file (1 file / 1024MiB)
RWrite /mnt/rbd_hdd/test: Laying out IO file (1 file / 1024MiB)
RWrite /mnt/rbd_hdd/test: Laying out IO file (1 file / 1024MiB)
RWrite /mnt/rbd_hdd/test: Laying out IO file (1 file / 1024MiB)
RWrite /mnt/rbd_hdd/test: Laying out IO file (1 file / 1024MiB)
RWrite /mnt/rbd_hdd/test: Laying out IO file (1 file / 1024MiB)
RWrite /mnt/rbd_hdd/test: Laying out IO file (1 file / 1024MiB)
RWrite /mnt/rbd_hdd/test: Laying out IO file (1 file / 1024MiB)
RWrite /mnt/rbd_hdd/test: Laying out IO file (1 file / 1024MiB)
RWrite /mnt/rbd_hdd/test: Laying out IO file (1 file / 1024MiB)
RWrite /mnt/rbd_hdd/test: Laying out IO file (1 file / 1024MiB)
RWrite /mnt/rbd_hdd/test: Laying out IO file (1 file / 1024MiB)
RWrite /mnt/rbd_hdd/test: Laying out IO file (1 file / 1024MiB)
RWrite /mnt/rbd_hdd/test: Laying out IO file (1 file / 1024MiB)

RWrite /mnt/rbd_hdd/test: (groupid=0, jobs=16): err= 0: pid=3243: Tue Oct 17 14:20:02 2023
  write: IOPS=704, BW=2819KiB/s (2887kB/s)(166MiB/60119msec); 0 zone resets
    clat (usec): min=55, max=534079, avg=22688.50, stdev=52698.35
     lat (usec): min=55, max=534079, avg=22688.88, stdev=52698.40
    clat percentiles (usec):
     |  1.00th=[    76],  5.00th=[   104], 10.00th=[   128], 20.00th=[   245],
     | 30.00th=[  1795], 40.00th=[  2311], 50.00th=[  3785], 60.00th=[  5211],
     | 70.00th=[  8160], 80.00th=[ 21365], 90.00th=[ 65274], 95.00th=[137364],
     | 99.00th=[270533], 99.50th=[308282], 99.90th=[392168], 99.95th=[434111],
     | 99.99th=[488637]
   bw (  KiB/s): min=  144, max=27832, per=100.00%, avg=2835.66, stdev=254.27, samples=1904
   iops        : min=   36, max= 6958, avg=707.43, stdev=63.58, samples=1904
  lat (usec)   : 100=4.36%, 250=15.85%, 500=2.97%, 750=0.47%, 1000=0.17%
  lat (msec)   : 2=10.38%, 4=16.86%, 10=22.12%, 20=6.30%, 50=8.30%
  lat (msec)   : 100=5.15%, 250=5.77%, 500=1.30%, 750=0.01%
  cpu          : usr=0.02%, sys=0.34%, ctx=83543, majf=0, minf=196
  IO depths    : 1=100.0%, 2=0.0%, 4=0.0%, 8=0.0%, 16=0.0%, 32=0.0%, >=64=0.0%
     submit    : 0=0.0%, 4=100.0%, 8=0.0%, 16=0.0%, 32=0.0%, 64=0.0%, >=64=0.0%
     complete  : 0=0.0%, 4=100.0%, 8=0.0%, 16=0.0%, 32=0.0%, 64=0.0%, >=64=0.0%
     issued rwts: total=0,42373,0,0 short=0,0,0,0 dropped=0,0,0,0
     latency   : target=0, window=0, percentile=100.00%, depth=1

Run status group 0 (all jobs):
  WRITE: bw=2819KiB/s (2887kB/s), 2819KiB/s-2819KiB/s (2887kB/s-2887kB/s), io=166MiB (174MB), run=60119-60119msec

Disk stats (read/write):
  vdc: ios=1/42415, merge=0/1618, ticks=58/58651, in_queue=58709, util=97.08%
Testing RRead on /mnt/rbd_hdd/test with threads 16
RREAD /mnt/rbd_hdd/test: (g=0): rw=randread, bs=(R) 4096B-4096B, (W) 4096B-4096B, (T) 4096B-4096B, ioengine=psync, iodepth=1
...
fio-3.19
Starting 16 processes
RREAD /mnt/rbd_hdd/test: Laying out IO file (1 file / 1024MiB)

RREAD /mnt/rbd_hdd/test: (groupid=0, jobs=16): err= 0: pid=3261: Tue Oct 17 14:21:09 2023
  read: IOPS=1466, BW=5867KiB/s (6008kB/s)(344MiB/60045msec)
    clat (usec): min=249, max=332237, avg=10865.35, stdev=16706.82
     lat (usec): min=249, max=332237, avg=10865.58, stdev=16706.80
    clat percentiles (usec):
     |  1.00th=[   437],  5.00th=[   570], 10.00th=[   701], 20.00th=[   930],
     | 30.00th=[  1221], 40.00th=[  1696], 50.00th=[  2606], 60.00th=[  7308],
     | 70.00th=[ 12649], 80.00th=[ 20579], 90.00th=[ 30278], 95.00th=[ 38536],
     | 99.00th=[ 66323], 99.50th=[ 94897], 99.90th=[179307], 99.95th=[208667],
     | 99.99th=[312476]
   bw (  KiB/s): min= 1363, max=22288, per=100.00%, avg=5890.20, stdev=215.45, samples=1904
   iops        : min=  334, max= 5572, avg=1470.78, stdev=53.87, samples=1904
  lat (usec)   : 250=0.01%, 500=2.40%, 750=9.79%, 1000=10.79%
  lat (msec)   : 2=21.32%, 4=11.07%, 10=8.40%, 20=15.35%, 50=18.69%
  lat (msec)   : 100=1.74%, 250=0.42%, 500=0.02%
  cpu          : usr=0.02%, sys=0.13%, ctx=88174, majf=0, minf=201
  IO depths    : 1=100.0%, 2=0.0%, 4=0.0%, 8=0.0%, 16=0.0%, 32=0.0%, >=64=0.0%
     submit    : 0=0.0%, 4=100.0%, 8=0.0%, 16=0.0%, 32=0.0%, 64=0.0%, >=64=0.0%
     complete  : 0=0.0%, 4=100.0%, 8=0.0%, 16=0.0%, 32=0.0%, 64=0.0%, >=64=0.0%
     issued rwts: total=88075,0,0,0 short=0,0,0,0 dropped=0,0,0,0
     latency   : target=0, window=0, percentile=100.00%, depth=1

Run status group 0 (all jobs):
   READ: bw=5867KiB/s (6008kB/s), 5867KiB/s-5867KiB/s (6008kB/s-6008kB/s), io=344MiB (361MB), run=60045-60045msec

Disk stats (read/write):
  vdc: ios=88056/11, merge=0/19, ticks=952944/147, in_queue=953091, util=99.28%
Testing SWrite on /mnt/rbd_hdd/test with threads 64
SWRITE /mnt/rbd_hdd/test: (g=0): rw=write, bs=(R) 128KiB-128KiB, (W) 128KiB-128KiB, (T) 128KiB-128KiB, ioengine=psync, iodepth=1
...
fio-3.19
Starting 64 processes
SWRITE /mnt/rbd_hdd/test: Laying out IO file (1 file / 1024MiB)
SWRITE /mnt/rbd_hdd/test: Laying out IO file (1 file / 1024MiB)
SWRITE /mnt/rbd_hdd/test: Laying out IO file (1 file / 1024MiB)
SWRITE /mnt/rbd_hdd/test: Laying out IO file (1 file / 1024MiB)
SWRITE /mnt/rbd_hdd/test: Laying out IO file (1 file / 1024MiB)
SWRITE /mnt/rbd_hdd/test: Laying out IO file (1 file / 1024MiB)
SWRITE /mnt/rbd_hdd/test: Laying out IO file (1 file / 1024MiB)
SWRITE /mnt/rbd_hdd/test: Laying out IO file (1 file / 1024MiB)
SWRITE /mnt/rbd_hdd/test: Laying out IO file (1 file / 1024MiB)
SWRITE /mnt/rbd_hdd/test: Laying out IO file (1 file / 1024MiB)
SWRITE /mnt/rbd_hdd/test: Laying out IO file (1 file / 1024MiB)
SWRITE /mnt/rbd_hdd/test: Laying out IO file (1 file / 1024MiB)
SWRITE /mnt/rbd_hdd/test: Laying out IO file (1 file / 1024MiB)
SWRITE /mnt/rbd_hdd/test: Laying out IO file (1 file / 1024MiB)
SWRITE /mnt/rbd_hdd/test: Laying out IO file (1 file / 1024MiB)
SWRITE /mnt/rbd_hdd/test: Laying out IO file (1 file / 1024MiB)
SWRITE /mnt/rbd_hdd/test: Laying out IO file (1 file / 1024MiB)
SWRITE /mnt/rbd_hdd/test: Laying out IO file (1 file / 1024MiB)
SWRITE /mnt/rbd_hdd/test: Laying out IO file (1 file / 1024MiB)
SWRITE /mnt/rbd_hdd/test: Laying out IO file (1 file / 1024MiB)
SWRITE /mnt/rbd_hdd/test: Laying out IO file (1 file / 1024MiB)
SWRITE /mnt/rbd_hdd/test: Laying out IO file (1 file / 1024MiB)
SWRITE /mnt/rbd_hdd/test: Laying out IO file (1 file / 1024MiB)
SWRITE /mnt/rbd_hdd/test: Laying out IO file (1 file / 1024MiB)
SWRITE /mnt/rbd_hdd/test: Laying out IO file (1 file / 1024MiB)
SWRITE /mnt/rbd_hdd/test: Laying out IO file (1 file / 1024MiB)
SWRITE /mnt/rbd_hdd/test: Laying out IO file (1 file / 1024MiB)
SWRITE /mnt/rbd_hdd/test: Laying out IO file (1 file / 1024MiB)
SWRITE /mnt/rbd_hdd/test: Laying out IO file (1 file / 1024MiB)
SWRITE /mnt/rbd_hdd/test: Laying out IO file (1 file / 1024MiB)
SWRITE /mnt/rbd_hdd/test: Laying out IO file (1 file / 1024MiB)
SWRITE /mnt/rbd_hdd/test: Laying out IO file (1 file / 1024MiB)
SWRITE /mnt/rbd_hdd/test: Laying out IO file (1 file / 1024MiB)
SWRITE /mnt/rbd_hdd/test: Laying out IO file (1 file / 1024MiB)
SWRITE /mnt/rbd_hdd/test: Laying out IO file (1 file / 1024MiB)
SWRITE /mnt/rbd_hdd/test: Laying out IO file (1 file / 1024MiB)
SWRITE /mnt/rbd_hdd/test: Laying out IO file (1 file / 1024MiB)
SWRITE /mnt/rbd_hdd/test: Laying out IO file (1 file / 1024MiB)
SWRITE /mnt/rbd_hdd/test: Laying out IO file (1 file / 1024MiB)
SWRITE /mnt/rbd_hdd/test: Laying out IO file (1 file / 1024MiB)
SWRITE /mnt/rbd_hdd/test: Laying out IO file (1 file / 1024MiB)
SWRITE /mnt/rbd_hdd/test: Laying out IO file (1 file / 1024MiB)
SWRITE /mnt/rbd_hdd/test: Laying out IO file (1 file / 1024MiB)
SWRITE /mnt/rbd_hdd/test: Laying out IO file (1 file / 1024MiB)
SWRITE /mnt/rbd_hdd/test: Laying out IO file (1 file / 1024MiB)
SWRITE /mnt/rbd_hdd/test: Laying out IO file (1 file / 1024MiB)
SWRITE /mnt/rbd_hdd/test: Laying out IO file (1 file / 1024MiB)
SWRITE /mnt/rbd_hdd/test: Laying out IO file (1 file / 1024MiB)
SWRITE /mnt/rbd_hdd/test: Laying out IO file (1 file / 1024MiB)
SWRITE /mnt/rbd_hdd/test: Laying out IO file (1 file / 1024MiB)
SWRITE /mnt/rbd_hdd/test: Laying out IO file (1 file / 1024MiB)
SWRITE /mnt/rbd_hdd/test: Laying out IO file (1 file / 1024MiB)
SWRITE /mnt/rbd_hdd/test: Laying out IO file (1 file / 1024MiB)
SWRITE /mnt/rbd_hdd/test: Laying out IO file (1 file / 1024MiB)
SWRITE /mnt/rbd_hdd/test: Laying out IO file (1 file / 1024MiB)
SWRITE /mnt/rbd_hdd/test: Laying out IO file (1 file / 1024MiB)
SWRITE /mnt/rbd_hdd/test: Laying out IO file (1 file / 1024MiB)
SWRITE /mnt/rbd_hdd/test: Laying out IO file (1 file / 1024MiB)
SWRITE /mnt/rbd_hdd/test: Laying out IO file (1 file / 1024MiB)
SWRITE /mnt/rbd_hdd/test: Laying out IO file (1 file / 1024MiB)
SWRITE /mnt/rbd_hdd/test: Laying out IO file (1 file / 1024MiB)
SWRITE /mnt/rbd_hdd/test: Laying out IO file (1 file / 1024MiB)
SWRITE /mnt/rbd_hdd/test: Laying out IO file (1 file / 1024MiB)
SWRITE /mnt/rbd_hdd/test: Laying out IO file (1 file / 1024MiB)

SWRITE /mnt/rbd_hdd/test: (groupid=0, jobs=64): err= 0: pid=3286: Tue Oct 17 14:22:12 2023
  write: IOPS=72, BW=9332KiB/s (9556kB/s)(555MiB/60873msec); 0 zone resets
    clat (usec): min=88, max=2006.8k, avg=870915.25, stdev=467330.13
     lat (usec): min=90, max=2006.8k, avg=870925.11, stdev=467329.54
    clat percentiles (usec):
     |  1.00th=[    139],  5.00th=[    255], 10.00th=[   3458],
     | 20.00th=[ 650118], 30.00th=[ 834667], 40.00th=[ 901776],
     | 50.00th=[ 952108], 60.00th=[1010828], 70.00th=[1082131],
     | 80.00th=[1182794], 90.00th=[1350566], 95.00th=[1551893],
     | 99.00th=[1820328], 99.50th=[1870660], 99.90th=[1920992],
     | 99.95th=[1937769], 99.99th=[2004878]
   bw (  KiB/s): min=15910, max=55878, per=100.00%, avg=19912.49, stdev=230.07, samples=3592
   iops        : min=   65, max=  432, avg=148.64, stdev= 1.79, samples=3592
  lat (usec)   : 100=0.11%, 250=4.75%, 500=2.91%, 750=0.56%, 1000=0.45%
  lat (msec)   : 2=0.86%, 4=0.43%, 10=1.40%, 20=4.19%, 50=2.12%
  lat (msec)   : 100=0.18%, 250=0.11%, 500=0.27%, 750=4.42%, 1000=34.88%
  lat (msec)   : 2000=42.34%, >=2000=0.02%
  cpu          : usr=0.00%, sys=0.03%, ctx=8901, majf=0, minf=918
  IO depths    : 1=100.0%, 2=0.0%, 4=0.0%, 8=0.0%, 16=0.0%, 32=0.0%, >=64=0.0%
     submit    : 0=0.0%, 4=100.0%, 8=0.0%, 16=0.0%, 32=0.0%, 64=0.0%, >=64=0.0%
     complete  : 0=0.0%, 4=100.0%, 8=0.0%, 16=0.0%, 32=0.0%, 64=0.0%, >=64=0.0%
     issued rwts: total=0,4438,0,0 short=0,0,0,0 dropped=0,0,0,0
     latency   : target=0, window=0, percentile=100.00%, depth=1

Run status group 0 (all jobs):
  WRITE: bw=9332KiB/s (9556kB/s), 9332KiB/s-9332KiB/s (9556kB/s-9556kB/s), io=555MiB (582MB), run=60873-60873msec

Disk stats (read/write):
  vdc: ios=0/4452, merge=0/70, ticks=0/60573, in_queue=60573, util=98.37%
Testing SRead on /mnt/rbd_hdd/test with threads 64
SREAD /mnt/rbd_hdd/test: (g=0): rw=read, bs=(R) 128KiB-128KiB, (W) 128KiB-128KiB, (T) 128KiB-128KiB, ioengine=psync, iodepth=1
...
fio-3.19
Starting 64 processes
SREAD /mnt/rbd_hdd/test: Laying out IO file (1 file / 1024MiB)

SREAD /mnt/rbd_hdd/test: (groupid=0, jobs=64): err= 0: pid=3352: Tue Oct 17 14:23:19 2023
  read: IOPS=2510, BW=314MiB/s (329MB/s)(18.4GiB/60042msec)
    clat (usec): min=407, max=687910, avg=25479.71, stdev=29505.84
     lat (usec): min=407, max=687910, avg=25480.00, stdev=29505.83
    clat percentiles (usec):
     |  1.00th=[   988],  5.00th=[  1663], 10.00th=[  2409], 20.00th=[  4490],
     | 30.00th=[  7963], 40.00th=[ 11338], 50.00th=[ 16319], 60.00th=[ 23200],
     | 70.00th=[ 31327], 80.00th=[ 40633], 90.00th=[ 57934], 95.00th=[ 76022],
     | 99.00th=[128451], 99.50th=[156238], 99.90th=[295699], 99.95th=[337642],
     | 99.99th=[599786]
   bw (  KiB/s): min=41038, max=1732888, per=100.00%, avg=322306.62, stdev=4147.65, samples=7616
   iops        : min=  284, max=13535, avg=2506.96, stdev=32.43, samples=7616
  lat (usec)   : 500=0.02%, 750=0.29%, 1000=0.76%
  lat (msec)   : 2=6.24%, 4=10.89%, 10=17.57%, 20=19.43%, 50=31.11%
  lat (msec)   : 100=11.41%, 250=2.11%, 500=0.16%, 750=0.02%
  cpu          : usr=0.02%, sys=0.06%, ctx=150865, majf=0, minf=2900
  IO depths    : 1=100.0%, 2=0.0%, 4=0.0%, 8=0.0%, 16=0.0%, 32=0.0%, >=64=0.0%
     submit    : 0=0.0%, 4=100.0%, 8=0.0%, 16=0.0%, 32=0.0%, 64=0.0%, >=64=0.0%
     complete  : 0=0.0%, 4=100.0%, 8=0.0%, 16=0.0%, 32=0.0%, 64=0.0%, >=64=0.0%
     issued rwts: total=150729,0,0,0 short=0,0,0,0 dropped=0,0,0,0
     latency   : target=0, window=0, percentile=100.00%, depth=1

Run status group 0 (all jobs):
   READ: bw=314MiB/s (329MB/s), 314MiB/s-314MiB/s (329MB/s-329MB/s), io=18.4GiB (19.8GB), run=60042-60042msec

Disk stats (read/write):
  vdc: ios=150293/10, merge=209/10, ticks=3807925/86, in_queue=3808010, util=99.48%
Testing RWrite on /mnt/rbd_hdd/test with threads 64
RWrite /mnt/rbd_hdd/test: (g=0): rw=randwrite, bs=(R) 4096B-4096B, (W) 4096B-4096B, (T) 4096B-4096B, ioengine=psync, iodepth=1
...
fio-3.19
Starting 64 processes
RWrite /mnt/rbd_hdd/test: Laying out IO file (1 file / 1024MiB)
RWrite /mnt/rbd_hdd/test: Laying out IO file (1 file / 1024MiB)
RWrite /mnt/rbd_hdd/test: Laying out IO file (1 file / 1024MiB)
RWrite /mnt/rbd_hdd/test: Laying out IO file (1 file / 1024MiB)
RWrite /mnt/rbd_hdd/test: Laying out IO file (1 file / 1024MiB)
RWrite /mnt/rbd_hdd/test: Laying out IO file (1 file / 1024MiB)
RWrite /mnt/rbd_hdd/test: Laying out IO file (1 file / 1024MiB)
RWrite /mnt/rbd_hdd/test: Laying out IO file (1 file / 1024MiB)
RWrite /mnt/rbd_hdd/test: Laying out IO file (1 file / 1024MiB)
RWrite /mnt/rbd_hdd/test: Laying out IO file (1 file / 1024MiB)
RWrite /mnt/rbd_hdd/test: Laying out IO file (1 file / 1024MiB)
RWrite /mnt/rbd_hdd/test: Laying out IO file (1 file / 1024MiB)
RWrite /mnt/rbd_hdd/test: Laying out IO file (1 file / 1024MiB)
RWrite /mnt/rbd_hdd/test: Laying out IO file (1 file / 1024MiB)
RWrite /mnt/rbd_hdd/test: Laying out IO file (1 file / 1024MiB)
RWrite /mnt/rbd_hdd/test: Laying out IO file (1 file / 1024MiB)
RWrite /mnt/rbd_hdd/test: Laying out IO file (1 file / 1024MiB)
RWrite /mnt/rbd_hdd/test: Laying out IO file (1 file / 1024MiB)
RWrite /mnt/rbd_hdd/test: Laying out IO file (1 file / 1024MiB)
RWrite /mnt/rbd_hdd/test: Laying out IO file (1 file / 1024MiB)
RWrite /mnt/rbd_hdd/test: Laying out IO file (1 file / 1024MiB)
RWrite /mnt/rbd_hdd/test: Laying out IO file (1 file / 1024MiB)
RWrite /mnt/rbd_hdd/test: Laying out IO file (1 file / 1024MiB)
RWrite /mnt/rbd_hdd/test: Laying out IO file (1 file / 1024MiB)
RWrite /mnt/rbd_hdd/test: Laying out IO file (1 file / 1024MiB)
RWrite /mnt/rbd_hdd/test: Laying out IO file (1 file / 1024MiB)
RWrite /mnt/rbd_hdd/test: Laying out IO file (1 file / 1024MiB)
RWrite /mnt/rbd_hdd/test: Laying out IO file (1 file / 1024MiB)
RWrite /mnt/rbd_hdd/test: Laying out IO file (1 file / 1024MiB)
RWrite /mnt/rbd_hdd/test: Laying out IO file (1 file / 1024MiB)
RWrite /mnt/rbd_hdd/test: Laying out IO file (1 file / 1024MiB)
RWrite /mnt/rbd_hdd/test: Laying out IO file (1 file / 1024MiB)
RWrite /mnt/rbd_hdd/test: Laying out IO file (1 file / 1024MiB)
RWrite /mnt/rbd_hdd/test: Laying out IO file (1 file / 1024MiB)
RWrite /mnt/rbd_hdd/test: Laying out IO file (1 file / 1024MiB)
RWrite /mnt/rbd_hdd/test: Laying out IO file (1 file / 1024MiB)
RWrite /mnt/rbd_hdd/test: Laying out IO file (1 file / 1024MiB)
RWrite /mnt/rbd_hdd/test: Laying out IO file (1 file / 1024MiB)
RWrite /mnt/rbd_hdd/test: Laying out IO file (1 file / 1024MiB)
RWrite /mnt/rbd_hdd/test: Laying out IO file (1 file / 1024MiB)
RWrite /mnt/rbd_hdd/test: Laying out IO file (1 file / 1024MiB)
RWrite /mnt/rbd_hdd/test: Laying out IO file (1 file / 1024MiB)
RWrite /mnt/rbd_hdd/test: Laying out IO file (1 file / 1024MiB)
RWrite /mnt/rbd_hdd/test: Laying out IO file (1 file / 1024MiB)
RWrite /mnt/rbd_hdd/test: Laying out IO file (1 file / 1024MiB)
RWrite /mnt/rbd_hdd/test: Laying out IO file (1 file / 1024MiB)
RWrite /mnt/rbd_hdd/test: Laying out IO file (1 file / 1024MiB)
RWrite /mnt/rbd_hdd/test: Laying out IO file (1 file / 1024MiB)
RWrite /mnt/rbd_hdd/test: Laying out IO file (1 file / 1024MiB)
RWrite /mnt/rbd_hdd/test: Laying out IO file (1 file / 1024MiB)
RWrite /mnt/rbd_hdd/test: Laying out IO file (1 file / 1024MiB)
RWrite /mnt/rbd_hdd/test: Laying out IO file (1 file / 1024MiB)
RWrite /mnt/rbd_hdd/test: Laying out IO file (1 file / 1024MiB)
RWrite /mnt/rbd_hdd/test: Laying out IO file (1 file / 1024MiB)
RWrite /mnt/rbd_hdd/test: Laying out IO file (1 file / 1024MiB)
RWrite /mnt/rbd_hdd/test: Laying out IO file (1 file / 1024MiB)
RWrite /mnt/rbd_hdd/test: Laying out IO file (1 file / 1024MiB)
RWrite /mnt/rbd_hdd/test: Laying out IO file (1 file / 1024MiB)
RWrite /mnt/rbd_hdd/test: Laying out IO file (1 file / 1024MiB)
RWrite /mnt/rbd_hdd/test: Laying out IO file (1 file / 1024MiB)
RWrite /mnt/rbd_hdd/test: Laying out IO file (1 file / 1024MiB)
RWrite /mnt/rbd_hdd/test: Laying out IO file (1 file / 1024MiB)
RWrite /mnt/rbd_hdd/test: Laying out IO file (1 file / 1024MiB)
RWrite /mnt/rbd_hdd/test: Laying out IO file (1 file / 1024MiB)

RWrite /mnt/rbd_hdd/test: (groupid=0, jobs=64): err= 0: pid=3419: Tue Oct 17 14:24:21 2023
  write: IOPS=373, BW=1493KiB/s (1529kB/s)(87.7MiB/60169msec); 0 zone resets
    clat (usec): min=74, max=1272.9k, avg=171257.83, stdev=253326.56
     lat (usec): min=75, max=1272.9k, avg=171258.37, stdev=253326.73
    clat percentiles (usec):
     |  1.00th=[    122],  5.00th=[    186], 10.00th=[    293],
     | 20.00th=[   8094], 30.00th=[   8979], 40.00th=[  10814],
     | 50.00th=[  31589], 60.00th=[  81265], 70.00th=[ 189793],
     | 80.00th=[ 333448], 90.00th=[ 557843], 95.00th=[ 767558],
     | 99.00th=[1019216], 99.50th=[1082131], 99.90th=[1199571],
     | 99.95th=[1216349], 99.99th=[1266680]
   bw (  KiB/s): min=  448, max=19207, per=100.00%, avg=1782.25, stdev=42.30, samples=6334
   iops        : min=   64, max= 4801, avg=433.09, stdev=10.61, samples=6334
  lat (usec)   : 100=0.16%, 250=8.17%, 500=4.47%, 750=0.63%, 1000=0.33%
  lat (msec)   : 2=0.57%, 4=0.29%, 10=23.23%, 20=9.78%, 50=6.35%
  lat (msec)   : 100=8.56%, 250=12.14%, 500=12.65%, 750=7.32%, 1000=4.10%
  lat (msec)   : 2000=1.25%
  cpu          : usr=0.00%, sys=0.14%, ctx=44750, majf=0, minf=788
  IO depths    : 1=100.0%, 2=0.0%, 4=0.0%, 8=0.0%, 16=0.0%, 32=0.0%, >=64=0.0%
     submit    : 0=0.0%, 4=100.0%, 8=0.0%, 16=0.0%, 32=0.0%, 64=0.0%, >=64=0.0%
     complete  : 0=0.0%, 4=100.0%, 8=0.0%, 16=0.0%, 32=0.0%, 64=0.0%, >=64=0.0%
     issued rwts: total=0,22459,0,0 short=0,0,0,0 dropped=0,0,0,0
     latency   : target=0, window=0, percentile=100.00%, depth=1

Run status group 0 (all jobs):
  WRITE: bw=1493KiB/s (1529kB/s), 1493KiB/s-1493KiB/s (1529kB/s-1529kB/s), io=87.7MiB (91.0MB), run=60169-60169msec

Disk stats (read/write):
  vdc: ios=1/22386, merge=0/857, ticks=65/54049, in_queue=54114, util=91.94%
Testing RRead on /mnt/rbd_hdd/test with threads 64
RREAD /mnt/rbd_hdd/test: (g=0): rw=randread, bs=(R) 4096B-4096B, (W) 4096B-4096B, (T) 4096B-4096B, ioengine=psync, iodepth=1
...
fio-3.19
Starting 64 processes
RREAD /mnt/rbd_hdd/test: Laying out IO file (1 file / 1024MiB)

RREAD /mnt/rbd_hdd/test: (groupid=0, jobs=64): err= 0: pid=3486: Tue Oct 17 14:25:28 2023
  read: IOPS=5369, BW=20.0MiB/s (21.0MB/s)(1260MiB/60092msec)
    clat (usec): min=233, max=610869, avg=11882.30, stdev=14458.31
     lat (usec): min=233, max=610869, avg=11882.68, stdev=14458.66
    clat percentiles (usec):
     |  1.00th=[   685],  5.00th=[  1237], 10.00th=[  1598], 20.00th=[  2089],
     | 30.00th=[  3032], 40.00th=[  4490], 50.00th=[  7046], 60.00th=[ 10159],
     | 70.00th=[ 13304], 80.00th=[ 19006], 90.00th=[ 28967], 95.00th=[ 39060],
     | 99.00th=[ 61080], 99.50th=[ 74974], 99.90th=[126354], 99.95th=[177210],
     | 99.99th=[196084]
   bw (  KiB/s): min= 3776, max=93456, per=100.00%, avg=21605.86, stdev=233.81, samples=7615
   iops        : min=  939, max=23364, avg=5390.17, stdev=58.50, samples=7615
  lat (usec)   : 250=0.01%, 500=0.31%, 750=1.00%, 1000=1.61%
  lat (msec)   : 2=15.61%, 4=19.04%, 10=22.15%, 20=21.53%, 50=16.49%
  lat (msec)   : 100=2.09%, 250=0.18%, 500=0.01%, 750=0.01%
  cpu          : usr=0.03%, sys=0.08%, ctx=322879, majf=0, minf=854
  IO depths    : 1=100.0%, 2=0.0%, 4=0.0%, 8=0.0%, 16=0.0%, 32=0.0%, >=64=0.0%
     submit    : 0=0.0%, 4=100.0%, 8=0.0%, 16=0.0%, 32=0.0%, 64=0.0%, >=64=0.0%
     complete  : 0=0.0%, 4=100.0%, 8=0.0%, 16=0.0%, 32=0.0%, 64=0.0%, >=64=0.0%
     issued rwts: total=322643,0,0,0 short=0,0,0,0 dropped=0,0,0,0
     latency   : target=0, window=0, percentile=100.00%, depth=1

Run status group 0 (all jobs):
   READ: bw=20.0MiB/s (21.0MB/s), 20.0MiB/s-20.0MiB/s (21.0MB/s-21.0MB/s), io=1260MiB (1322MB), run=60092-60092msec

Disk stats (read/write):
  vdc: ios=322616/11, merge=0/18, ticks=3790398/367, in_queue=3790765, util=98.89%
